<?xml version="1.0" encoding="UTF-8"?>
<testng-results skipped="0" failed="0" total="1" passed="1">
  <reporter-output>
  </reporter-output>
  <suite name="DriverFactory.AppTest" duration-ms="106316" started-at="2019-12-16T03:36:02Z" finished-at="2019-12-16T03:37:48Z">
    <groups>
    </groups>
    <test name="Command line test" duration-ms="106316" started-at="2019-12-16T03:36:02Z" finished-at="2019-12-16T03:37:48Z">
      <class name="DriverFactory.AppTest">
        <test-method status="PASS" signature="startTest()[pri:0, instance:DriverFactory.AppTest@2cb4c3ab]" name="startTest" duration-ms="106144" started-at="2019-12-16T09:06:02Z" finished-at="2019-12-16T09:07:48Z">
          <reporter-output>
          </reporter-output>
        </test-method> <!-- startTest -->
      </class> <!-- DriverFactory.AppTest -->
    </test> <!-- Command line test -->
  </suite> <!-- DriverFactory.AppTest -->
</testng-results>
