<?xml version="1.0" encoding="UTF-8"?>
<testng-results skipped="0" failed="0" total="1" passed="1">
  <reporter-output>
  </reporter-output>
  <suite name="Default suite" duration-ms="12051" started-at="2019-12-12T02:20:13Z" finished-at="2019-12-12T02:20:25Z">
    <groups>
    </groups>
    <test name="Default test" duration-ms="12051" started-at="2019-12-12T02:20:13Z" finished-at="2019-12-12T02:20:25Z">
      <class name="DriverFactory.AppTest">
        <test-method status="PASS" signature="start()[pri:0, instance:DriverFactory.AppTest@6500df86]" name="start" duration-ms="12030" started-at="2019-12-12T07:50:13Z" finished-at="2019-12-12T07:50:25Z">
          <reporter-output>
          </reporter-output>
        </test-method> <!-- start -->
      </class> <!-- DriverFactory.AppTest -->
    </test> <!-- Default test -->
  </suite> <!-- Default suite -->
</testng-results>
